<?xml version="1.0" encoding="UTF-8"?>
<!-- Generated by org.testng.reporters.JUnitReportReporter -->
<testsuite hostname="DESKTOP-SRPKICT" failures="0" tests="2" name="TestNgpart2.Multithreaddemo" time="0.021" errors="0" timestamp="2020-06-05T09:02:09 IST" skipped="0">
  <testcase classname="TestNgpart2.Multithreaddemo" name="TestCase2" time="0.004"/>
  <system-out/>
  <testcase classname="TestNgpart2.Multithreaddemo" name="TestCase1" time="0.017"/>
  <system-out/>
</testsuite> <!-- TestNgpart2.Multithreaddemo -->
