<?xml version="1.0" encoding="UTF-8"?>
<!-- Generated by org.testng.reporters.JUnitReportReporter -->
<testsuite hostname="DESKTOP-SRPKICT" failures="0" tests="4" name="TestNgpart2.LoginPageTest" time="48.176" errors="0" timestamp="2020-06-05T07:51:32 IST" skipped="0">
  <testcase classname="TestNgpart2.LoginPageTest" name="login" time="6.454"/>
  <system-out/>
  <testcase classname="TestNgpart2.LoginPageTest" name="dashbord" time="22.463"/>
  <system-out/>
  <testcase classname="TestNgpart2.LoginPageTest" name="Logout" time="8.361"/>
  <system-out/>
  <testcase classname="TestNgpart2.LoginPageTest" name="admin" time="10.898"/>
  <system-out/>
</testsuite> <!-- TestNgpart2.LoginPageTest -->
